        -:    0:Source:TestVoting.c++
        -:    0:Graph:TestVoting.gcno
        -:    0:Data:TestVoting.gcda
        -:    0:Runs:1
        -:    0:Programs:1
        -:    1:#include <iostream> // cout, endl
        -:    2:#include <sstream>  // istringtstream, ostringstream
        -:    3:#include <string>   // string
        -:    4:#include <utility>  // pair
        -:    5:#include <sstream>  // istringstream
        -:    6:
        -:    7:#include "gtest/gtest.h"
        -:    8:
        -:    9:#include "Voting.h"
        -:   10:
        -:   11:using namespace std;
        -:   12:
function _ZN26VotingFixture_solve_1_TestD0Ev called 1 returned 100% blocks executed 100%
function _ZN26VotingFixture_solve_1_TestD2Ev called 1 returned 100% blocks executed 75%
function _ZN26VotingFixture_solve_1_Test8TestBodyEv called 1 returned 100% blocks executed 53%
function _ZN26VotingFixture_solve_1_TestC2Ev called 1 returned 100% blocks executed 100%
        5:   13:TEST(VotingFixture, solve_1) {
call    0 returned 100%
call    1 returned 100%
call    2 returned 100%
call    3 returned 100%
call    4 returned 100%
call    5 returned 100%
call    6 returned 100%
branch  7 taken 0% (fallthrough)
branch  8 taken 100%
call    9 never executed
call   10 returned 100%
        1:   14:  string in ("1\n\n0");
call    0 returned 100%
call    1 returned 100%
branch  2 taken 100% (fallthrough)
branch  3 taken 0% (throw)
call    4 returned 100%
call    5 never executed
        2:   15:  string out("1\n0\nno candidates\n\n");
call    0 returned 100%
call    1 returned 100%
branch  2 taken 100% (fallthrough)
branch  3 taken 0% (throw)
call    4 returned 100%
call    5 returned 100%
branch  6 taken 100%
branch  7 taken 0%
call    8 never executed
call    9 never executed
        -:   16:
        2:   17:  istringstream r(in);
call    0 returned 100%
branch  1 taken 100% (fallthrough)
branch  2 taken 0% (throw)
call    3 returned 100%
branch  4 taken 100%
branch  5 taken 0%
call    6 never executed
        2:   18:  ostringstream w;
call    0 returned 100%
branch  1 taken 100% (fallthrough)
branch  2 taken 0% (throw)
call    3 returned 100%
branch  4 taken 100%
branch  5 taken 0%
call    6 never executed
        -:   19:
        1:   20:  voting_solve(r, w);
call    0 returned 100%
branch  1 taken 100% (fallthrough)
branch  2 taken 0% (throw)
        -:   21:
        2:   22:  ASSERT_EQ(out, w.str());
call    0 returned 100%
branch  1 taken 100% (fallthrough)
branch  2 taken 0% (throw)
call    3 returned 100%
branch  4 taken 100% (fallthrough)
branch  5 taken 0% (throw)
call    6 returned 100%
call    7 returned 100%
branch  8 taken 0% (fallthrough)
branch  9 taken 100%
call   10 never executed
branch 11 never executed
branch 12 never executed
call   13 never executed
branch 14 never executed
branch 15 never executed
call   16 never executed
branch 17 never executed
branch 18 never executed
call   19 never executed
branch 20 never executed
branch 21 never executed
call   22 never executed
call   23 never executed
call   24 returned 100%
branch 25 taken 100%
branch 26 taken 0%
call   27 returned 100%
branch 28 taken 100%
branch 29 taken 0%
call   30 never executed
call   31 never executed
call   32 never executed
call   33 never executed
call   34 never executed
function _GLOBAL__sub_I__ZN26VotingFixture_solve_1_Test10test_info_E called 1 returned 100% blocks executed 100%
function _Z41__static_initialization_and_destruction_0ii called 1 returned 100% blocks executed 100%
        3:   23:}
call    0 returned 100%
branch  1 taken 100% (fallthrough)
branch  2 taken 0%
branch  3 taken 100% (fallthrough)
branch  4 taken 0%
